# JRE version: Java(TM) SE Runtime Environment (8.0_51-b16) (build 1.8.0_51-b16)
# Java VM: Java HotSpot(TM) 64-Bit Server VM (25.51-b03 mixed mode windows-amd64 compressed oops)
Heap:
 par new generation   total 118016K, used 105323K [0x000000070ca00000, 0x0000000714a00000, 0x0000000714a00000)
  eden space 104960K, 100% used [0x000000070ca00000, 0x0000000713080000, 0x0000000713080000)
  from space 13056K,   2% used [0x0000000713d40000, 0x0000000713d9ad58, 0x0000000714a00000)
  to   space 13056K,   0% used [0x0000000713080000, 0x0000000713080000, 0x0000000713d40000)
 concurrent mark-sweep generation total 724832K, used 445368K [0x0000000714a00000, 0x0000000740dd8000, 0x00000007c0000000)
 Metaspace       used 129600K, capacity 144982K, committed 145328K, reserved 1167360K
  class space    used 22930K, capacity 27517K, committed 27624K, reserved 1048576K
GC Heap History (10 events):
Event: 144.497 GC heap before
{Heap before GC invocations=464 (full 11):
 par new generation   total 118016K, used 105734K [0x000000070ca00000, 0x0000000714a00000, 0x0000000714a00000)
  eden space 104960K, 100% used [0x000000070ca00000, 0x0000000713080000, 0x0000000713080000)
  from space 13056K,   5% used [0x0000000713080000, 0x00000007131419b8, 0x0000000713d40000)
  to   space 13056K,   0% used [0x0000000713d40000, 0x0000000713d40000, 0x0000000714a00000)
 concurrent mark-sweep generation total 724832K, used 444972K [0x0000000714a00000, 0x0000000740dd8000, 0x00000007c0000000)
 Metaspace       used 129466K, capacity 144766K, committed 144944K, reserved 1167360K
  class space    used 22906K, capacity 27467K, committed 27496K, reserved 1048576K
Event: 144.506 GC heap after
Heap after GC invocations=465 (full 11):
 par new generation   total 118016K, used 699K [0x000000070ca00000, 0x0000000714a00000, 0x0000000714a00000)
  eden space 104960K,   0% used [0x000000070ca00000, 0x000000070ca00000, 0x0000000713080000)
  from space 13056K,   5% used [0x0000000713d40000, 0x0000000713deec30, 0x0000000714a00000)
  to   space 13056K,   0% used [0x0000000713080000, 0x0000000713080000, 0x0000000713d40000)
 concurrent mark-sweep generation total 724832K, used 445079K [0x0000000714a00000, 0x0000000740dd8000, 0x00000007c0000000)
 Metaspace       used 129466K, capacity 144766K, committed 144944K, reserved 1167360K
  class space    used 22906K, capacity 27467K, committed 27496K, reserved 1048576K
}
Event: 144.606 GC heap before
{Heap before GC invocations=465 (full 11):
 par new generation   total 118016K, used 105659K [0x000000070ca00000, 0x0000000714a00000, 0x0000000714a00000)
  eden space 104960K, 100% used [0x000000070ca00000, 0x0000000713080000, 0x0000000713080000)
  from space 13056K,   5% used [0x0000000713d40000, 0x0000000713deec30, 0x0000000714a00000)
  to   space 13056K,   0% used [0x0000000713080000, 0x0000000713080000, 0x0000000713d40000)
 concurrent mark-sweep generation total 724832K, used 445079K [0x0000000714a00000, 0x0000000740dd8000, 0x00000007c0000000)
 Metaspace       used 129495K, capacity 144866K, committed 145072K, reserved 1167360K
  class space    used 22911K, capacity 27501K, committed 27624K, reserved 1048576K
Event: 144.615 GC heap after
Heap after GC invocations=466 (full 11):
 par new generation   total 118016K, used 256K [0x000000070ca00000, 0x0000000714a00000, 0x0000000714a00000)
  eden space 104960K,   0% used [0x000000070ca00000, 0x000000070ca00000, 0x0000000713080000)
  from space 13056K,   1% used [0x0000000713080000, 0x00000007130c0240, 0x0000000713d40000)
  to   space 13056K,   0% used [0x0000000713d40000, 0x0000000713d40000, 0x0000000714a00000)
 concurrent mark-sweep generation total 724832K, used 445317K [0x0000000714a00000, 0x0000000740dd8000, 0x00000007c0000000)
 Metaspace       used 129495K, capacity 144866K, committed 145072K, reserved 1167360K
  class space    used 22911K, capacity 27501K, committed 27624K, reserved 1048576K
}
Event: 144.824 GC heap before
{Heap before GC invocations=466 (full 11):
 par new generation   total 118016K, used 105216K [0x000000070ca00000, 0x0000000714a00000, 0x0000000714a00000)
  eden space 104960K, 100% used [0x000000070ca00000, 0x0000000713080000, 0x0000000713080000)
  from space 13056K,   1% used [0x0000000713080000, 0x00000007130c0240, 0x0000000713d40000)
  to   space 13056K,   0% used [0x0000000713d40000, 0x0000000713d40000, 0x0000000714a00000)
 concurrent mark-sweep generation total 724832K, used 445317K [0x0000000714a00000, 0x0000000740dd8000, 0x00000007c0000000)
 Metaspace       used 129501K, capacity 144868K, committed 145072K, reserved 1167360K
  class space    used 22912K, capacity 27502K, committed 27624K, reserved 1048576K
Event: 144.831 GC heap after
Heap after GC invocations=467 (full 11):
 par new generation   total 118016K, used 235K [0x000000070ca00000, 0x0000000714a00000, 0x0000000714a00000)
  eden space 104960K,   0% used [0x000000070ca00000, 0x000000070ca00000, 0x0000000713080000)
  from space 13056K,   1% used [0x0000000713d40000, 0x0000000713d7acc8, 0x0000000714a00000)
  to   space 13056K,   0% used [0x0000000713080000, 0x0000000713080000, 0x0000000713d40000)
 concurrent mark-sweep generation total 724832K, used 445356K [0x0000000714a00000, 0x0000000740dd8000, 0x00000007c0000000)
 Metaspace       used 129501K, capacity 144868K, committed 145072K, reserved 1167360K
  class space    used 22912K, capacity 27502K, committed 27624K, reserved 1048576K
}
Event: 144.979 GC heap before
{Heap before GC invocations=467 (full 11):
 par new generation   total 118016K, used 105195K [0x000000070ca00000, 0x0000000714a00000, 0x0000000714a00000)
  eden space 104960K, 100% used [0x000000070ca00000, 0x0000000713080000, 0x0000000713080000)
  from space 13056K,   1% used [0x0000000713d40000, 0x0000000713d7acc8, 0x0000000714a00000)
  to   space 13056K,   0% used [0x0000000713080000, 0x0000000713080000, 0x0000000713d40000)
 concurrent mark-sweep generation total 724832K, used 445356K [0x0000000714a00000, 0x0000000740dd8000, 0x00000007c0000000)
 Metaspace       used 129536K, capacity 144890K, committed 145072K, reserved 1167360K
  class space    used 22921K, capacity 27509K, committed 27624K, reserved 1048576K
Event: 144.985 GC heap after
Heap after GC invocations=468 (full 11):
 par new generation   total 118016K, used 285K [0x000000070ca00000, 0x0000000714a00000, 0x0000000714a00000)
  eden space 104960K,   0% used [0x000000070ca00000, 0x000000070ca00000, 0x0000000713080000)
  from space 13056K,   2% used [0x0000000713080000, 0x00000007130c7540, 0x0000000713d40000)
  to   space 13056K,   0% used [0x0000000713d40000, 0x0000000713d40000, 0x0000000714a00000)
 concurrent mark-sweep generation total 724832K, used 445366K [0x0000000714a00000, 0x0000000740dd8000, 0x00000007c0000000)
 Metaspace       used 129536K, capacity 144890K, committed 145072K, reserved 1167360K
  class space    used 22921K, capacity 27509K, committed 27624K, reserved 1048576K
}
Event: 145.090 GC heap before
{Heap before GC invocations=468 (full 11):
 par new generation   total 118016K, used 105245K [0x000000070ca00000, 0x0000000714a00000, 0x0000000714a00000)
  eden space 104960K, 100% used [0x000000070ca00000, 0x0000000713080000, 0x0000000713080000)
  from space 13056K,   2% used [0x0000000713080000, 0x00000007130c7540, 0x0000000713d40000)
  to   space 13056K,   0% used [0x0000000713d40000, 0x0000000713d40000, 0x0000000714a00000)
 concurrent mark-sweep generation total 724832K, used 445366K [0x0000000714a00000, 0x0000000740dd8000, 0x00000007c0000000)
 Metaspace       used 129571K, capacity 144890K, committed 145072K, reserved 1167360K
  class space    used 22925K, capacity 27509K, committed 27624K, reserved 1048576K
Event: 145.097 GC heap after
Heap after GC invocations=469 (full 11):
 par new generation   total 118016K, used 363K [0x000000070ca00000, 0x0000000714a00000, 0x0000000714a00000)
  eden space 104960K,   0% used [0x000000070ca00000, 0x000000070ca00000, 0x0000000713080000)
  from space 13056K,   2% used [0x0000000713d40000, 0x0000000713d9ad58, 0x0000000714a00000)
  to   space 13056K,   0% used [0x0000000713080000, 0x0000000713080000, 0x0000000713d40000)
 concurrent mark-sweep generation total 724832K, used 445368K [0x0000000714a00000, 0x0000000740dd8000, 0x00000007c0000000)
 Metaspace       used 129571K, capacity 144890K, committed 145072K, reserved 1167360K
  class space    used 22925K, capacity 27509K, committed 27624K, reserved 1048576K
}

